<?xml version="1.0" encoding="UTF-8"?>
<testng-results skipped="0" failed="0" ignored="0" total="1" passed="1">
  <reporter-output>
  </reporter-output>
  <suite name="Default suite" duration-ms="21199" started-at="2020-09-04T13:48:15 NZST" finished-at="2020-09-04T13:48:36 NZST">
    <groups>
    </groups>
    <test name="Default test" duration-ms="21199" started-at="2020-09-04T13:48:15 NZST" finished-at="2020-09-04T13:48:36 NZST">
      <class name="tests.ApplicationTestSuite">
        <test-method status="PASS" signature="calAppFunction()[pri:0, instance:tests.ApplicationTestSuite@3712b94]" name="calAppFunction" duration-ms="21136" started-at="2020-09-04T13:48:15 NZST" finished-at="2020-09-04T13:48:36 NZST">
          <reporter-output>
          </reporter-output>
        </test-method> <!-- calAppFunction -->
      </class> <!-- tests.ApplicationTestSuite -->
    </test> <!-- Default test -->
  </suite> <!-- Default suite -->
</testng-results>
